<?xml version="1.0" encoding="UTF-8"?>
<testsuite xmlns:xsi="http://www.w3.org/2001/XMLSchema-instance" xsi:noNamespaceSchemaLocation="https://maven.apache.org/surefire/maven-surefire-plugin/xsd/surefire-test-report.xsd" name="hu.nye.progkor.bookcatalog.service.impl.DefaultBookServiceTest" time="2.591" tests="5" errors="0" skipped="0" failures="0">
  <properties>
[...]
</properties>
  <testcase name="retrieveBookByIdShouldDelegateToTheRepositoryAndReturnFoundBook" classname="hu.nye.progkor.bookcatalog.service.impl.DefaultBookServiceTest" time="2.567"/>
  <testcase name="deleteBookByIdShouldDelegateToTheRepositoryAndDeleteSelectedBookById" classname="hu.nye.progkor.bookcatalog.service.impl.DefaultBookServiceTest" time="0.005"/>
  <testcase name="retrieveAllBooksShouldDelegateToTheRepositoryAndReturnAllFoundBooks" classname="hu.nye.progkor.bookcatalog.service.impl.DefaultBookServiceTest" time="0.005"/>
  <testcase name="updateBookShouldDelegateToTheRepositoryAndUpdateSelectedBook" classname="hu.nye.progkor.bookcatalog.service.impl.DefaultBookServiceTest" time="0.002"/>
  <testcase name="createBookShouldDelegateToTheRepositoryAndReturnSavedBook" classname="hu.nye.progkor.bookcatalog.service.impl.DefaultBookServiceTest" time="0.004"/>
</testsuite>